Arguments: 
  /Users/remygroleau/.nvm/versions/node/v12.18.4/bin/node /Users/remygroleau/.yarn/releases/yarn-1.22.10.cjs

PATH: 
  /Users/remygroleau/.nvm/versions/node/v12.18.4/bin:/Users/remygroleau/.nvm/versions/node/v11.12.0/bin:/usr/local/bin:/usr/bin:/bin:/usr/sbin:/sbin:/Users/remygroleau/.nvm/versions/node/v11.12.0/bin

Yarn version: 
  1.22.10

Node version: 
  12.18.4

Platform: 
  darwin x64

Trace: 
  SyntaxError: /Users/remygroleau/Documents/dev/remleau/mern/server/package.json: Unexpected token } in JSON at position 459
      at JSON.parse (<anonymous>)
      at /Users/remygroleau/.yarn/releases/yarn-1.22.10.cjs:1098:57
      at Generator.next (<anonymous>)
      at step (/Users/remygroleau/.yarn/releases/yarn-1.22.10.cjs:310:30)
      at /Users/remygroleau/.yarn/releases/yarn-1.22.10.cjs:321:13

npm manifest: 
  {
    "name": "server",
    "version": "1.0.0",
    "main": "server.js",
    "license": "MIT",
    "dependencies": {
      "bcrypt": "^3.0.6",
      "body-parser": "^1.19.0",
      "cookie-parser": "^1.4.4",
      "dotenv": "^8.0.0",
      "express": "^4.17.1",
      "ftp-deploy": "^2.3.3",
      "helmet": "^3.19.0",
      "jsonwebtoken": "^8.5.1",
      "path": "^0.12.7"
    },
    "devDependencies": {
      "nodemon": "^1.19.1"
    },
    "scripts": {
      "server": "nodemon server.js"
    },
  }

yarn manifest: 
  No manifest

Lockfile: 
  No lockfile
